# JRE version: OpenJDK Runtime Environment Temurin-21.0.11+10 (21.0.11+10) (build 21.0.11+10-LTS)
# Java VM: OpenJDK 64-Bit Server VM Temurin-21.0.11+10 (21.0.11+10-LTS, mixed mode, sharing, tiered, compressed oops, compressed class ptrs, parallel gc, windows-amd64)
GC Precious Log:
 CardTable entry size: 512
 CPUs: 8 total, 8 available
 Memory: 8103M
 Large Page Support: Disabled
 NUMA Support: Disabled
 Compressed Oops: Enabled (32-bit)
 Alignments: Space 512K, Generation 512K, Heap 2M
 Heap Min Capacity: 100M
 Heap Initial Capacity: 100M
 Heap Max Capacity: 2G
 Pre-touch: Disabled
 Parallel Workers: 8
Heap:
 PSYoungGen      total 2560K, used 1387K [0x00000000d5580000, 0x00000000d5980000, 0x0000000100000000)
  eden space 2048K, 43% used [0x00000000d5580000,0x00000000d5661340,0x00000000d5780000)
  from space 512K, 95% used [0x00000000d5900000,0x00000000d5979bc0,0x00000000d5980000)
  to   space 1024K, 0% used [0x00000000d5780000,0x00000000d5780000,0x00000000d5880000)
 ParOldGen       total 794624K, used 794327K [0x0000000080000000, 0x00000000b0800000, 0x00000000d5580000)
  object space 794624K, 99% used [0x0000000080000000,0x00000000b07b5d90,0x00000000b0800000)
 Metaspace       used 80879K, committed 82560K, reserved 1179648K
  class space    used 8670K, committed 9408K, reserved 1048576K
GC Heap History (20 events):
Event: 56.086 GC heap before
{Heap before GC invocations=1204 (full 3):
 PSYoungGen      total 2560K, used 2272K [0x00000000d5580000, 0x00000000d5980000, 0x0000000100000000)
  eden space 2048K, 100% used [0x00000000d5580000,0x00000000d5780000,0x00000000d5780000)
  from space 512K, 43% used [0x00000000d5900000,0x00000000d5938000,0x00000000d5980000)
  to   space 512K, 0% used [0x00000000d5880000,0x00000000d5880000,0x00000000d5900000)
 ParOldGen       total 793600K, used 793342K [0x0000000080000000, 0x00000000b0700000, 0x00000000d5580000)
  object space 793600K, 99% used [0x0000000080000000,0x00000000b06bf960,0x00000000b0700000)
 Metaspace       used 79379K, committed 81024K, reserved 1179648K
  class space    used 8445K, committed 9152K, reserved 1048576K
}
Event: 56.089 GC heap after
{Heap after GC invocations=1204 (full 3):
 PSYoungGen      total 2560K, used 224K [0x00000000d5580000, 0x00000000d5980000, 0x0000000100000000)
  eden space 2048K, 0% used [0x00000000d5580000,0x00000000d5580000,0x00000000d5780000)
  from space 512K, 43% used [0x00000000d5880000,0x00000000d58b8000,0x00000000d5900000)
  to   space 512K, 0% used [0x00000000d5900000,0x00000000d5900000,0x00000000d5980000)
 ParOldGen       total 793600K, used 793406K [0x0000000080000000, 0x00000000b0700000, 0x00000000d5580000)
  object space 793600K, 99% used [0x0000000080000000,0x00000000b06cf960,0x00000000b0700000)
 Metaspace       used 79379K, committed 81024K, reserved 1179648K
  class space    used 8445K, committed 9152K, reserved 1048576K
}
Event: 56.120 GC heap before
{Heap before GC invocations=1205 (full 3):
 PSYoungGen      total 2560K, used 2272K [0x00000000d5580000, 0x00000000d5980000, 0x0000000100000000)
  eden space 2048K, 100% used [0x00000000d5580000,0x00000000d5780000,0x00000000d5780000)
  from space 512K, 43% used [0x00000000d5880000,0x00000000d58b8000,0x00000000d5900000)
  to   space 512K, 0% used [0x00000000d5900000,0x00000000d5900000,0x00000000d5980000)
 ParOldGen       total 793600K, used 793406K [0x0000000080000000, 0x00000000b0700000, 0x00000000d5580000)
  object space 793600K, 99% used [0x0000000080000000,0x00000000b06cf960,0x00000000b0700000)
 Metaspace       used 79556K, committed 81152K, reserved 1179648K
  class space    used 8485K, committed 9152K, reserved 1048576K
}
Event: 56.123 GC heap after
{Heap after GC invocations=1205 (full 3):
 PSYoungGen      total 2560K, used 224K [0x00000000d5580000, 0x00000000d5980000, 0x0000000100000000)
  eden space 2048K, 0% used [0x00000000d5580000,0x00000000d5580000,0x00000000d5780000)
  from space 512K, 43% used [0x00000000d5900000,0x00000000d5938000,0x00000000d5980000)
  to   space 512K, 0% used [0x00000000d5880000,0x00000000d5880000,0x00000000d5900000)
 ParOldGen       total 793600K, used 793446K [0x0000000080000000, 0x00000000b0700000, 0x00000000d5580000)
  object space 793600K, 99% used [0x0000000080000000,0x00000000b06d9960,0x00000000b0700000)
 Metaspace       used 79556K, committed 81152K, reserved 1179648K
  class space    used 8485K, committed 9152K, reserved 1048576K
}
Event: 56.141 GC heap before
{Heap before GC invocations=1206 (full 3):
 PSYoungGen      total 2560K, used 2272K [0x00000000d5580000, 0x00000000d5980000, 0x0000000100000000)
  eden space 2048K, 100% used [0x00000000d5580000,0x00000000d5780000,0x00000000d5780000)
  from space 512K, 43% used [0x00000000d5900000,0x00000000d5938000,0x00000000d5980000)
  to   space 512K, 0% used [0x00000000d5880000,0x00000000d5880000,0x00000000d5900000)
 ParOldGen       total 793600K, used 793446K [0x0000000080000000, 0x00000000b0700000, 0x00000000d5580000)
  object space 793600K, 99% used [0x0000000080000000,0x00000000b06d9960,0x00000000b0700000)
 Metaspace       used 79775K, committed 81408K, reserved 1179648K
  class space    used 8526K, committed 9216K, reserved 1048576K
}
Event: 56.143 GC heap after
{Heap after GC invocations=1206 (full 3):
 PSYoungGen      total 2560K, used 224K [0x00000000d5580000, 0x00000000d5980000, 0x0000000100000000)
  eden space 2048K, 0% used [0x00000000d5580000,0x00000000d5580000,0x00000000d5780000)
  from space 512K, 43% used [0x00000000d5880000,0x00000000d58b8000,0x00000000d5900000)
  to   space 512K, 0% used [0x00000000d5900000,0x00000000d5900000,0x00000000d5980000)
 ParOldGen       total 793600K, used 793502K [0x0000000080000000, 0x00000000b0700000, 0x00000000d5580000)
  object space 793600K, 99% used [0x0000000080000000,0x00000000b06e7960,0x00000000b0700000)
 Metaspace       used 79775K, committed 81408K, reserved 1179648K
  class space    used 8526K, committed 9216K, reserved 1048576K
}
Event: 56.165 GC heap before
{Heap before GC invocations=1207 (full 3):
 PSYoungGen      total 2560K, used 2271K [0x00000000d5580000, 0x00000000d5980000, 0x0000000100000000)
  eden space 2048K, 99% used [0x00000000d5580000,0x00000000d577fed0,0x00000000d5780000)
  from space 512K, 43% used [0x00000000d5880000,0x00000000d58b8000,0x00000000d5900000)
  to   space 512K, 0% used [0x00000000d5900000,0x00000000d5900000,0x00000000d5980000)
 ParOldGen       total 793600K, used 793502K [0x0000000080000000, 0x00000000b0700000, 0x00000000d5580000)
  object space 793600K, 99% used [0x0000000080000000,0x00000000b06e7960,0x00000000b0700000)
 Metaspace       used 80036K, committed 81600K, reserved 1179648K
  class space    used 8554K, committed 9216K, reserved 1048576K
}
Event: 56.168 GC heap after
{Heap after GC invocations=1207 (full 3):
 PSYoungGen      total 2560K, used 192K [0x00000000d5580000, 0x00000000d5980000, 0x0000000100000000)
  eden space 2048K, 0% used [0x00000000d5580000,0x00000000d5580000,0x00000000d5780000)
  from space 512K, 37% used [0x00000000d5900000,0x00000000d5930000,0x00000000d5980000)
  to   space 512K, 0% used [0x00000000d5880000,0x00000000d5880000,0x00000000d5900000)
 ParOldGen       total 793600K, used 793566K [0x0000000080000000, 0x00000000b0700000, 0x00000000d5580000)
  object space 793600K, 99% used [0x0000000080000000,0x00000000b06f7960,0x00000000b0700000)
 Metaspace       used 80036K, committed 81600K, reserved 1179648K
  class space    used 8554K, committed 9216K, reserved 1048576K
}
Event: 56.217 GC heap before
{Heap before GC invocations=1208 (full 3):
 PSYoungGen      total 2560K, used 2240K [0x00000000d5580000, 0x00000000d5980000, 0x0000000100000000)
  eden space 2048K, 100% used [0x00000000d5580000,0x00000000d5780000,0x00000000d5780000)
  from space 512K, 37% used [0x00000000d5900000,0x00000000d5930000,0x00000000d5980000)
  to   space 512K, 0% used [0x00000000d5880000,0x00000000d5880000,0x00000000d5900000)
 ParOldGen       total 793600K, used 793566K [0x0000000080000000, 0x00000000b0700000, 0x00000000d5580000)
  object space 793600K, 99% used [0x0000000080000000,0x00000000b06f7960,0x00000000b0700000)
 Metaspace       used 80265K, committed 81856K, reserved 1179648K
  class space    used 8583K, committed 9280K, reserved 1048576K
}
Event: 56.220 GC heap after
{Heap after GC invocations=1208 (full 3):
 PSYoungGen      total 2560K, used 192K [0x00000000d5580000, 0x00000000d5980000, 0x0000000100000000)
  eden space 2048K, 0% used [0x00000000d5580000,0x00000000d5580000,0x00000000d5780000)
  from space 512K, 37% used [0x00000000d5880000,0x00000000d58b0000,0x00000000d5900000)
  to   space 512K, 0% used [0x00000000d5900000,0x00000000d5900000,0x00000000d5980000)
 ParOldGen       total 794112K, used 793614K [0x0000000080000000, 0x00000000b0780000, 0x00000000d5580000)
  object space 794112K, 99% used [0x0000000080000000,0x00000000b0703960,0x00000000b0780000)
 Metaspace       used 80265K, committed 81856K, reserved 1179648K
  class space    used 8583K, committed 9280K, reserved 1048576K
}
Event: 59.754 GC heap before
{Heap before GC invocations=1209 (full 3):
 PSYoungGen      total 2560K, used 2240K [0x00000000d5580000, 0x00000000d5980000, 0x0000000100000000)
  eden space 2048K, 100% used [0x00000000d5580000,0x00000000d5780000,0x00000000d5780000)
  from space 512K, 37% used [0x00000000d5880000,0x00000000d58b0000,0x00000000d5900000)
  to   space 512K, 0% used [0x00000000d5900000,0x00000000d5900000,0x00000000d5980000)
 ParOldGen       total 794112K, used 793614K [0x0000000080000000, 0x00000000b0780000, 0x00000000d5580000)
  object space 794112K, 99% used [0x0000000080000000,0x00000000b0703960,0x00000000b0780000)
 Metaspace       used 80507K, committed 82112K, reserved 1179648K
  class space    used 8607K, committed 9280K, reserved 1048576K
}
Event: 59.759 GC heap after
{Heap after GC invocations=1209 (full 3):
 PSYoungGen      total 2560K, used 288K [0x00000000d5580000, 0x00000000d5980000, 0x0000000100000000)
  eden space 2048K, 0% used [0x00000000d5580000,0x00000000d5580000,0x00000000d5780000)
  from space 512K, 56% used [0x00000000d5900000,0x00000000d5948000,0x00000000d5980000)
  to   space 512K, 0% used [0x00000000d5880000,0x00000000d5880000,0x00000000d5900000)
 ParOldGen       total 794112K, used 793758K [0x0000000080000000, 0x00000000b0780000, 0x00000000d5580000)
  object space 794112K, 99% used [0x0000000080000000,0x00000000b0727970,0x00000000b0780000)
 Metaspace       used 80507K, committed 82112K, reserved 1179648K
  class space    used 8607K, committed 9280K, reserved 1048576K
}
Event: 323.446 GC heap before
{Heap before GC invocations=1210 (full 3):
 PSYoungGen      total 2560K, used 2336K [0x00000000d5580000, 0x00000000d5980000, 0x0000000100000000)
  eden space 2048K, 100% used [0x00000000d5580000,0x00000000d5780000,0x00000000d5780000)
  from space 512K, 56% used [0x00000000d5900000,0x00000000d5948000,0x00000000d5980000)
  to   space 512K, 0% used [0x00000000d5880000,0x00000000d5880000,0x00000000d5900000)
 ParOldGen       total 794112K, used 793758K [0x0000000080000000, 0x00000000b0780000, 0x00000000d5580000)
  object space 794112K, 99% used [0x0000000080000000,0x00000000b0727970,0x00000000b0780000)
 Metaspace       used 80608K, committed 82304K, reserved 1179648K
  class space    used 8619K, committed 9344K, reserved 1048576K
}
Event: 323.455 GC heap after
{Heap after GC invocations=1210 (full 3):
 PSYoungGen      total 2560K, used 224K [0x00000000d5580000, 0x00000000d5980000, 0x0000000100000000)
  eden space 2048K, 0% used [0x00000000d5580000,0x00000000d5580000,0x00000000d5780000)
  from space 512K, 43% used [0x00000000d5880000,0x00000000d58b8000,0x00000000d5900000)
  to   space 512K, 0% used [0x00000000d5900000,0x00000000d5900000,0x00000000d5980000)
 ParOldGen       total 794112K, used 793854K [0x0000000080000000, 0x00000000b0780000, 0x00000000d5580000)
  object space 794112K, 99% used [0x0000000080000000,0x00000000b073f970,0x00000000b0780000)
 Metaspace       used 80608K, committed 82304K, reserved 1179648K
  class space    used 8619K, committed 9344K, reserved 1048576K
}
Event: 1846.548 GC heap before
{Heap before GC invocations=1211 (full 3):
 PSYoungGen      total 2560K, used 2271K [0x00000000d5580000, 0x00000000d5980000, 0x0000000100000000)
  eden space 2048K, 99% used [0x00000000d5580000,0x00000000d577ffc8,0x00000000d5780000)
  from space 512K, 43% used [0x00000000d5880000,0x00000000d58b8000,0x00000000d5900000)
  to   space 512K, 0% used [0x00000000d5900000,0x00000000d5900000,0x00000000d5980000)
 ParOldGen       total 794112K, used 793854K [0x0000000080000000, 0x00000000b0780000, 0x00000000d5580000)
  object space 794112K, 99% used [0x0000000080000000,0x00000000b073f970,0x00000000b0780000)
 Metaspace       used 80671K, committed 82304K, reserved 1179648K
  class space    used 8624K, committed 9344K, reserved 1048576K
}
Event: 1846.554 GC heap after
{Heap after GC invocations=1211 (full 3):
 PSYoungGen      total 2560K, used 352K [0x00000000d5580000, 0x00000000d5980000, 0x0000000100000000)
  eden space 2048K, 0% used [0x00000000d5580000,0x00000000d5580000,0x00000000d5780000)
  from space 512K, 68% used [0x00000000d5900000,0x00000000d5958020,0x00000000d5980000)
  to   space 512K, 0% used [0x00000000d5880000,0x00000000d5880000,0x00000000d5900000)
 ParOldGen       total 794112K, used 793926K [0x0000000080000000, 0x00000000b0780000, 0x00000000d5580000)
  object space 794112K, 99% used [0x0000000080000000,0x00000000b0751970,0x00000000b0780000)
 Metaspace       used 80671K, committed 82304K, reserved 1179648K
  class space    used 8624K, committed 9344K, reserved 1048576K
}
Event: 1846.653 GC heap before
{Heap before GC invocations=1212 (full 3):
 PSYoungGen      total 2560K, used 2398K [0x00000000d5580000, 0x00000000d5980000, 0x0000000100000000)
  eden space 2048K, 99% used [0x00000000d5580000,0x00000000d577fb18,0x00000000d5780000)
  from space 512K, 68% used [0x00000000d5900000,0x00000000d5958020,0x00000000d5980000)
  to   space 512K, 0% used [0x00000000d5880000,0x00000000d5880000,0x00000000d5900000)
 ParOldGen       total 794112K, used 793926K [0x0000000080000000, 0x00000000b0780000, 0x00000000d5580000)
  object space 794112K, 99% used [0x0000000080000000,0x00000000b0751970,0x00000000b0780000)
 Metaspace       used 80770K, committed 82432K, reserved 1179648K
  class space    used 8636K, committed 9344K, reserved 1048576K
}
Event: 1846.656 GC heap after
{Heap after GC invocations=1212 (full 3):
 PSYoungGen      total 2560K, used 340K [0x00000000d5580000, 0x00000000d5980000, 0x0000000100000000)
  eden space 2048K, 0% used [0x00000000d5580000,0x00000000d5580000,0x00000000d5780000)
  from space 512K, 66% used [0x00000000d5880000,0x00000000d58d5200,0x00000000d5900000)
  to   space 512K, 0% used [0x00000000d5900000,0x00000000d5900000,0x00000000d5980000)
 ParOldGen       total 794112K, used 794038K [0x0000000080000000, 0x00000000b0780000, 0x00000000d5580000)
  object space 794112K, 99% used [0x0000000080000000,0x00000000b076d990,0x00000000b0780000)
 Metaspace       used 80770K, committed 82432K, reserved 1179648K
  class space    used 8636K, committed 9344K, reserved 1048576K
}
Event: 1846.813 GC heap before
{Heap before GC invocations=1213 (full 3):
 PSYoungGen      total 2560K, used 2387K [0x00000000d5580000, 0x00000000d5980000, 0x0000000100000000)
  eden space 2048K, 99% used [0x00000000d5580000,0x00000000d577fde8,0x00000000d5780000)
  from space 512K, 66% used [0x00000000d5880000,0x00000000d58d5200,0x00000000d5900000)
  to   space 512K, 0% used [0x00000000d5900000,0x00000000d5900000,0x00000000d5980000)
 ParOldGen       total 794112K, used 794038K [0x0000000080000000, 0x00000000b0780000, 0x00000000d5580000)
  object space 794112K, 99% used [0x0000000080000000,0x00000000b076d990,0x00000000b0780000)
 Metaspace       used 80879K, committed 82560K, reserved 1179648K
  class space    used 8670K, committed 9408K, reserved 1048576K
}
Event: 1846.821 GC heap after
{Heap after GC invocations=1213 (full 3):
 PSYoungGen      total 2560K, used 486K [0x00000000d5580000, 0x00000000d5980000, 0x0000000100000000)
  eden space 2048K, 0% used [0x00000000d5580000,0x00000000d5580000,0x00000000d5780000)
  from space 512K, 95% used [0x00000000d5900000,0x00000000d5979bc0,0x00000000d5980000)
  to   space 1024K, 0% used [0x00000000d5780000,0x00000000d5780000,0x00000000d5880000)
 ParOldGen       total 794624K, used 794327K [0x0000000080000000, 0x00000000b0800000, 0x00000000d5580000)
  object space 794624K, 99% used [0x0000000080000000,0x00000000b07b5d90,0x00000000b0800000)
 Metaspace       used 80879K, committed 82560K, reserved 1179648K
  class space    used 8670K, committed 9408K, reserved 1048576K
}

